<?xml version="1.0" encoding="UTF-8"?>
<!-- Generated by org.testng.reporters.JUnitReportReporter -->
<testsuite hostname="LAPTOP-OCLQFV1C" failures="0" tests="5" name="RestAssured.RestAssuredAutomation.BasicAPITest" time="3.357" errors="0" timestamp="2025-03-19T20:18:58 EDT" skipped="0">
  <testcase classname="RestAssured.RestAssuredAutomation.BasicAPITest" name="testJsonResponse" time="0.153"/>
  <testcase classname="RestAssured.RestAssuredAutomation.BasicAPITest" name="testExtractResponse" time="2.659"/>
  <testcase classname="RestAssured.RestAssuredAutomation.BasicAPITest" name="testPostUser" time="0.340"/>
  <testcase classname="RestAssured.RestAssuredAutomation.BasicAPITest" name="testGetUser" time="0.085"/>
  <testcase classname="RestAssured.RestAssuredAutomation.BasicAPITest" name="testWithQueryParams" time="0.120"/>
</testsuite> <!-- RestAssured.RestAssuredAutomation.BasicAPITest -->
